Arguments: 
  C:\Program Files\nodejs\node.exe C:\Users\User\AppData\Roaming\npm\node_modules\yarn\bin\yarn.js add react react-dom @types/react @types/react-dom typescript

PATH: 
  C:\Program Files (x86)\Common Files\Oracle\Java\javapath;C:\Windows\system32;C:\Windows;C:\Windows\System32\Wbem;C:\Windows\System32\WindowsPowerShell\v1.0\;C:\Windows\System32\OpenSSH\;C:\Program Files\NVIDIA Corporation\NVIDIA NGX;C:\Program Files (x86)\NVIDIA Corporation\PhysX\Common;C:\Program Files\NVIDIA Corporation\NVIDIA NvDLISR;C:\Program Files\Git\cmd;C:\Program Files\TortoiseGit\bin;C:\Program Files\nodejs\;C:\WINDOWS\system32;C:\WINDOWS;C:\WINDOWS\System32\Wbem;C:\WINDOWS\System32\WindowsPowerShell\v1.0\;C:\WINDOWS\System32\OpenSSH\;C:\Program Files\dotnet\;C:\Program Files\Microsoft SQL Server\150\Tools\Binn\;C:\Program Files\Microsoft SQL Server\Client SDK\ODBC\170\Tools\Binn\;C:\Users\User\AppData\Local\Microsoft\WindowsApps;C:\Users\User\AppData\Roaming\npm;C:\Users\User\AppData\Local\Programs\Microsoft VS Code\bin;C:\Users\User\.dotnet\tools;C:\Users\User\AppData\Local\Yarn\bin;

Yarn version: 
  1.22.11

Node version: 
  12.18.3

Platform: 
  win32 x64

Trace: 
  Error: connect ECONNREFUSED 127.0.0.1:4873
      at TCPConnectWrap.afterConnect [as oncomplete] (net.js:1141:16)

npm manifest: 
  {
    "name": "ppldemo",
    "version": "1.0.0",
    "main": "index.js",
    "author": "johnmausfam <fam1923@gmail.com>",
    "license": "MIT"
  }

yarn manifest: 
  No manifest

Lockfile: 
  No lockfile
